<?xml version="1.0" encoding="UTF-8"?>
<testsuite xmlns:xsi="http://www.w3.org/2001/XMLSchema-instance" xsi:noNamespaceSchemaLocation="https://maven.apache.org/surefire/maven-surefire-plugin/xsd/surefire-test-report.xsd" name="sorting.bead_sort.BeadSortTest" time="48.028" tests="9" errors="0" skipped="0" failures="0">
  <properties>
    <property name="java.specification.version" value="18"/>
    <property name="sun.jnu.encoding" value="UTF-8"/>
    <property name="java.class.path" value="/home/i/HDD/BME/6/iet/hf/do-the-thing/iet-hf-2022-do-the-thing/code_under_test/target/test-classes:/home/i/HDD/BME/6/iet/hf/do-the-thing/iet-hf-2022-do-the-thing/code_under_test/target/classes:/home/i/.m2/repository/junit/junit/4.12/junit-4.12.jar:/home/i/.m2/repository/org/hamcrest/hamcrest-core/1.3/hamcrest-core-1.3.jar:/home/i/.m2/repository/org/junit/jupiter/junit-jupiter/5.8.2/junit-jupiter-5.8.2.jar:/home/i/.m2/repository/org/junit/jupiter/junit-jupiter-api/5.8.2/junit-jupiter-api-5.8.2.jar:/home/i/.m2/repository/org/opentest4j/opentest4j/1.2.0/opentest4j-1.2.0.jar:/home/i/.m2/repository/org/junit/platform/junit-platform-commons/1.8.2/junit-platform-commons-1.8.2.jar:/home/i/.m2/repository/org/apiguardian/apiguardian-api/1.1.2/apiguardian-api-1.1.2.jar:/home/i/.m2/repository/org/junit/jupiter/junit-jupiter-params/5.8.2/junit-jupiter-params-5.8.2.jar:/home/i/.m2/repository/org/junit/jupiter/junit-jupiter-engine/5.8.2/junit-jupiter-engine-5.8.2.jar:/home/i/.m2/repository/org/junit/platform/junit-platform-engine/1.8.2/junit-platform-engine-1.8.2.jar:"/>
    <property name="java.vm.vendor" value="Oracle Corporation"/>
    <property name="sun.arch.data.model" value="64"/>
    <property name="java.vendor.url" value="https://openjdk.java.net/"/>
    <property name="user.country.format" value="HU"/>
    <property name="os.name" value="Linux"/>
    <property name="java.vm.specification.version" value="18"/>
    <property name="sun.java.launcher" value="SUN_STANDARD"/>
    <property name="user.country" value="GB"/>
    <property name="sun.boot.library.path" value="/usr/lib/jvm/java-18-openjdk/lib"/>
    <property name="sun.java.command" value="/home/i/HDD/BME/6/iet/hf/do-the-thing/iet-hf-2022-do-the-thing/code_under_test/target/surefire/surefirebooter6880361457317880657.jar /home/i/HDD/BME/6/iet/hf/do-the-thing/iet-hf-2022-do-the-thing/code_under_test/target/surefire 2022-05-25T21-12-05_910-jvmRun1 surefire8737349073090277173tmp surefire_04330644091989982110tmp"/>
    <property name="jdk.debug" value="release"/>
    <property name="surefire.test.class.path" value="/home/i/HDD/BME/6/iet/hf/do-the-thing/iet-hf-2022-do-the-thing/code_under_test/target/test-classes:/home/i/HDD/BME/6/iet/hf/do-the-thing/iet-hf-2022-do-the-thing/code_under_test/target/classes:/home/i/.m2/repository/junit/junit/4.12/junit-4.12.jar:/home/i/.m2/repository/org/hamcrest/hamcrest-core/1.3/hamcrest-core-1.3.jar:/home/i/.m2/repository/org/junit/jupiter/junit-jupiter/5.8.2/junit-jupiter-5.8.2.jar:/home/i/.m2/repository/org/junit/jupiter/junit-jupiter-api/5.8.2/junit-jupiter-api-5.8.2.jar:/home/i/.m2/repository/org/opentest4j/opentest4j/1.2.0/opentest4j-1.2.0.jar:/home/i/.m2/repository/org/junit/platform/junit-platform-commons/1.8.2/junit-platform-commons-1.8.2.jar:/home/i/.m2/repository/org/apiguardian/apiguardian-api/1.1.2/apiguardian-api-1.1.2.jar:/home/i/.m2/repository/org/junit/jupiter/junit-jupiter-params/5.8.2/junit-jupiter-params-5.8.2.jar:/home/i/.m2/repository/org/junit/jupiter/junit-jupiter-engine/5.8.2/junit-jupiter-engine-5.8.2.jar:/home/i/.m2/repository/org/junit/platform/junit-platform-engine/1.8.2/junit-platform-engine-1.8.2.jar:"/>
    <property name="sun.cpu.endian" value="little"/>
    <property name="user.home" value="/home/i"/>
    <property name="user.language" value="en"/>
    <property name="java.specification.vendor" value="Oracle Corporation"/>
    <property name="java.version.date" value="2022-04-19"/>
    <property name="java.home" value="/usr/lib/jvm/java-18-openjdk"/>
    <property name="file.separator" value="/"/>
    <property name="basedir" value="/home/i/HDD/BME/6/iet/hf/do-the-thing/iet-hf-2022-do-the-thing/code_under_test"/>
    <property name="java.vm.compressedOopsMode" value="32-bit"/>
    <property name="line.separator" value="&#10;"/>
    <property name="java.specification.name" value="Java Platform API Specification"/>
    <property name="java.vm.specification.vendor" value="Oracle Corporation"/>
    <property name="surefire.real.class.path" value="/home/i/HDD/BME/6/iet/hf/do-the-thing/iet-hf-2022-do-the-thing/code_under_test/target/surefire/surefirebooter6880361457317880657.jar"/>
    <property name="sun.management.compiler" value="HotSpot 64-Bit Tiered Compilers"/>
    <property name="java.runtime.version" value="18.0.1+10"/>
    <property name="user.name" value="i"/>
    <property name="path.separator" value=":"/>
    <property name="os.version" value="5.17.4-arch1-1"/>
    <property name="java.runtime.name" value="OpenJDK Runtime Environment"/>
    <property name="file.encoding" value="UTF-8"/>
    <property name="java.vm.name" value="OpenJDK 64-Bit Server VM"/>
    <property name="localRepository" value="/home/i/.m2/repository"/>
    <property name="java.vendor.url.bug" value="https://bugreport.java.com/bugreport/"/>
    <property name="java.io.tmpdir" value="/tmp"/>
    <property name="java.version" value="18.0.1"/>
    <property name="user.dir" value="/home/i/HDD/BME/6/iet/hf/do-the-thing/iet-hf-2022-do-the-thing/code_under_test"/>
    <property name="os.arch" value="amd64"/>
    <property name="java.vm.specification.name" value="Java Virtual Machine Specification"/>
    <property name="user.language.format" value="hu"/>
    <property name="native.encoding" value="UTF-8"/>
    <property name="java.library.path" value="/usr/java/packages/lib:/usr/lib64:/lib64:/lib:/usr/lib"/>
    <property name="java.vm.info" value="mixed mode"/>
    <property name="java.vendor" value="N/A"/>
    <property name="java.vm.version" value="18.0.1+10"/>
    <property name="sun.io.unicode.encoding" value="UnicodeLittle"/>
    <property name="java.class.version" value="62.0"/>
  </properties>
  <testcase name="beadSort_inc{int}[1]" classname="sorting.bead_sort.BeadSortTest" time="0.047"/>
  <testcase name="beadSort_inc{int}[2]" classname="sorting.bead_sort.BeadSortTest" time="0.018"/>
  <testcase name="beadSort_inc{int}[3]" classname="sorting.bead_sort.BeadSortTest" time="16.757"/>
  <testcase name="beadSort_desc{int}[1]" classname="sorting.bead_sort.BeadSortTest" time="0.001"/>
  <testcase name="beadSort_desc{int}[2]" classname="sorting.bead_sort.BeadSortTest" time="0.005"/>
  <testcase name="beadSort_desc{int}[3]" classname="sorting.bead_sort.BeadSortTest" time="15.228"/>
  <testcase name="beadSort_rand{int}[1]" classname="sorting.bead_sort.BeadSortTest" time="0.001"/>
  <testcase name="beadSort_rand{int}[2]" classname="sorting.bead_sort.BeadSortTest" time="0.006"/>
  <testcase name="beadSort_rand{int}[3]" classname="sorting.bead_sort.BeadSortTest" time="15.914"/>
</testsuite>